AlarmaVisual/app/build 2/intermediates/manifest_merge_blame_file/debug/processDebugMainManifest/manifest-merger-blame-debug-report.txt
1<?xml version="1.0" encoding="utf-8"?>
2<manifest xmlns:android="http://schemas.android.com/apk/res/android"
3    package="com.example.alarmavisual"
4    android:versionCode="1"
5    android:versionName="1.0" >
6
7    <uses-sdk
8        android:minSdkVersion="33"
9        android:targetSdkVersion="34" />
10
11    <!-- Permiso de vibración -->
12    <uses-permission android:name="android.permission.VIBRATE" />
12-->src/main/AndroidManifest.xml:6:5-66
12-->src/main/AndroidManifest.xml:6:22-63
13    <uses-permission android:name="android.permission.WAKE_LOCK" />
13-->src/main/AndroidManifest.xml:7:5-68
13-->src/main/AndroidManifest.xml:7:22-65
14    <!-- <uses-permission android:name="android.permission.SET_ALARM" /> -->
15    <uses-permission android:name="com.android.alarm.permission.SET_ALARM" />
15-->src/main/AndroidManifest.xml:9:5-78
15-->src/main/AndroidManifest.xml:9:22-75
16    <uses-permission android:name="android.permission.RECEIVE_BOOT_COMPLETED" />
16-->src/main/AndroidManifest.xml:10:5-81
16-->src/main/AndroidManifest.xml:10:22-78
17    <uses-permission android:name="android.permission.SCHEDULE_EXACT_ALARM" />
17-->src/main/AndroidManifest.xml:11:5-79
17-->src/main/AndroidManifest.xml:11:22-76
18    <uses-permission android:name="android.permission.ACCESS_FINE_LOCATION" />
18-->src/main/AndroidManifest.xml:12:5-79
18-->src/main/AndroidManifest.xml:12:22-76
19    <uses-permission android:name="android.permission.ACCESS_COARSE_LOCATION" />
19-->src/main/AndroidManifest.xml:13:5-81
19-->src/main/AndroidManifest.xml:13:22-78
20    <uses-permission android:name="android.permission.FOREGROUND_SERVICE" />
20-->src/main/AndroidManifest.xml:14:5-77
20-->src/main/AndroidManifest.xml:14:22-74
21    <uses-permission android:name="android.permission.INTERNET" />
21-->src/main/AndroidManifest.xml:15:5-67
21-->src/main/AndroidManifest.xml:15:22-64
22    <uses-permission android:name="android.permission.ACCESS_FINE_LOCATION" />
22-->src/main/AndroidManifest.xml:12:5-79
22-->src/main/AndroidManifest.xml:12:22-76
23    <uses-permission android:name="android.permission.ACCESS_COARSE_LOCATION" />
23-->src/main/AndroidManifest.xml:13:5-81
23-->src/main/AndroidManifest.xml:13:22-78
24    <uses-permission android:name="android.permission.ACCESS_NETWORK_STATE" />
24-->src/main/AndroidManifest.xml:18:5-79
24-->src/main/AndroidManifest.xml:18:22-76
25
26    <uses-feature
26-->[com.google.android.gms:play-services-maps:19.0.0] AndroidManifest.xml:26:5-28:35
27        android:glEsVersion="0x00020000"
27-->[com.google.android.gms:play-services-maps:19.0.0] AndroidManifest.xml:27:9-41
28        android:required="true" />
28-->[com.google.android.gms:play-services-maps:19.0.0] AndroidManifest.xml:28:9-32
29
30    <queries>
30-->[com.google.android.gms:play-services-maps:19.0.0] AndroidManifest.xml:30:5-34:15
31
32        <!-- Needs to be explicitly declared on Android R+ -->
33        <package android:name="com.google.android.apps.maps" />
33-->[com.google.android.gms:play-services-maps:19.0.0] AndroidManifest.xml:33:9-64
33-->[com.google.android.gms:play-services-maps:19.0.0] AndroidManifest.xml:33:18-61
34    </queries>
35
36    <uses-permission android:name="com.google.android.gms.permission.AD_ID" />
36-->[com.google.android.gms:play-services-measurement-api:22.1.0] AndroidManifest.xml:25:5-79
36-->[com.google.android.gms:play-services-measurement-api:22.1.0] AndroidManifest.xml:25:22-76
37    <uses-permission android:name="android.permission.ACCESS_ADSERVICES_ATTRIBUTION" />
37-->[com.google.android.gms:play-services-measurement-api:22.1.0] AndroidManifest.xml:26:5-88
37-->[com.google.android.gms:play-services-measurement-api:22.1.0] AndroidManifest.xml:26:22-85
38    <uses-permission android:name="android.permission.ACCESS_ADSERVICES_AD_ID" />
38-->[com.google.android.gms:play-services-measurement-api:22.1.0] AndroidManifest.xml:27:5-82
38-->[com.google.android.gms:play-services-measurement-api:22.1.0] AndroidManifest.xml:27:22-79
39    <uses-permission android:name="com.google.android.providers.gsf.permission.READ_GSERVICES" />
39-->[com.google.android.recaptcha:recaptcha:18.4.0] AndroidManifest.xml:9:5-98
39-->[com.google.android.recaptcha:recaptcha:18.4.0] AndroidManifest.xml:9:22-95
40    <uses-permission android:name="com.google.android.finsky.permission.BIND_GET_INSTALL_REFERRER_SERVICE" />
40-->[com.google.android.gms:play-services-measurement:22.1.0] AndroidManifest.xml:26:5-110
40-->[com.google.android.gms:play-services-measurement:22.1.0] AndroidManifest.xml:26:22-107
41
42    <permission
42-->[androidx.core:core:1.13.1] AndroidManifest.xml:22:5-24:47
43        android:name="com.example.alarmavisual.DYNAMIC_RECEIVER_NOT_EXPORTED_PERMISSION"
43-->[androidx.core:core:1.13.1] AndroidManifest.xml:23:9-81
44        android:protectionLevel="signature" />
44-->[androidx.core:core:1.13.1] AndroidManifest.xml:24:9-44
45
46    <uses-permission android:name="com.example.alarmavisual.DYNAMIC_RECEIVER_NOT_EXPORTED_PERMISSION" />
46-->[androidx.core:core:1.13.1] AndroidManifest.xml:26:5-97
46-->[androidx.core:core:1.13.1] AndroidManifest.xml:26:22-94
47
48    <application
48-->src/main/AndroidManifest.xml:20:5-60:19
49        android:allowBackup="true"
49-->src/main/AndroidManifest.xml:21:9-35
50        android:appComponentFactory="androidx.core.app.CoreComponentFactory"
50-->[androidx.core:core:1.13.1] AndroidManifest.xml:28:18-86
51        android:dataExtractionRules="@xml/data_extraction_rules"
51-->src/main/AndroidManifest.xml:22:9-65
52        android:debuggable="true"
53        android:extractNativeLibs="false"
54        android:fullBackupContent="@xml/backup_rules"
54-->src/main/AndroidManifest.xml:23:9-54
55        android:icon="@mipmap/ic_launcher"
55-->src/main/AndroidManifest.xml:24:9-43
56        android:label="@string/app_name"
56-->src/main/AndroidManifest.xml:25:9-41
57        android:roundIcon="@mipmap/ic_launcher_round"
57-->src/main/AndroidManifest.xml:26:9-54
58        android:supportsRtl="true"
58-->src/main/AndroidManifest.xml:27:9-35
59        android:theme="@style/Theme.AlarmaVisual" >
59-->src/main/AndroidManifest.xml:28:9-50
60        <activity
60-->src/main/AndroidManifest.xml:30:9-38:20
61            android:name="com.example.alarmavisual.MainActivity"
61-->src/main/AndroidManifest.xml:31:13-41
62            android:exported="true"
62-->src/main/AndroidManifest.xml:32:13-36
63            android:theme="@style/Theme.AlarmaVisual" >
63-->src/main/AndroidManifest.xml:33:13-54
64            <intent-filter>
64-->src/main/AndroidManifest.xml:34:13-37:29
65                <action android:name="android.intent.action.MAIN" />
65-->src/main/AndroidManifest.xml:35:17-69
65-->src/main/AndroidManifest.xml:35:25-66
66
67                <category android:name="android.intent.category.LAUNCHER" />
67-->src/main/AndroidManifest.xml:36:17-77
67-->src/main/AndroidManifest.xml:36:27-74
68            </intent-filter>
69        </activity>
70
71        <receiver
71-->src/main/AndroidManifest.xml:39:9-41:39
72            android:name="com.example.alarmavisual.broadcast.AlarmReceiver"
72-->src/main/AndroidManifest.xml:40:13-52
73            android:exported="true" />
73-->src/main/AndroidManifest.xml:41:13-36
74
75        <meta-data
75-->src/main/AndroidManifest.xml:42:9-44:71
76            android:name="com.google.android.geo.API_KEY"
76-->src/main/AndroidManifest.xml:43:13-58
77            android:value="AIzaSyBi16IINx92LFJNHwKZ41IkUfzL2JLR0iQ" />
77-->src/main/AndroidManifest.xml:44:13-68
78
79        <service
79-->src/main/AndroidManifest.xml:45:9-49:74
80            android:name="com.example.alarmavisual.broadcast.AlarmForegroundService"
80-->src/main/AndroidManifest.xml:46:13-61
81            android:exported="true"
81-->src/main/AndroidManifest.xml:47:13-36
82            android:foregroundServiceType="shortService"
82-->src/main/AndroidManifest.xml:48:13-57
83            android:permission="android.permission.FOREGROUND_SERVICE" />
83-->src/main/AndroidManifest.xml:49:13-71
84
85        <receiver
85-->src/main/AndroidManifest.xml:50:9-59:20
86            android:name="com.example.alarmavisual.widget.AlarmWidgetProvider"
86-->src/main/AndroidManifest.xml:50:19-61
87            android:exported="true" >
87-->src/main/AndroidManifest.xml:51:13-36
88            <intent-filter>
88-->src/main/AndroidManifest.xml:52:13-54:29
89                <action android:name="android.appwidget.action.APPWIDGET_UPDATE" />
89-->src/main/AndroidManifest.xml:53:17-84
89-->src/main/AndroidManifest.xml:53:25-81
90            </intent-filter>
91
92            <meta-data
92-->src/main/AndroidManifest.xml:56:13-58:63
93                android:name="android.appwidget.provider"
93-->src/main/AndroidManifest.xml:57:17-58
94                android:resource="@xml/app_widget_provider" />
94-->src/main/AndroidManifest.xml:58:17-60
95        </receiver>
96
97        <activity
97-->[androidx.compose.ui:ui-tooling-android:1.7.2] AndroidManifest.xml:23:9-25:39
98            android:name="androidx.compose.ui.tooling.PreviewActivity"
98-->[androidx.compose.ui:ui-tooling-android:1.7.2] AndroidManifest.xml:24:13-71
99            android:exported="true" />
99-->[androidx.compose.ui:ui-tooling-android:1.7.2] AndroidManifest.xml:25:13-36
100
101        <provider
101-->[androidx.work:work-runtime:2.9.1] AndroidManifest.xml:29:9-37:20
102            android:name="androidx.startup.InitializationProvider"
102-->[androidx.work:work-runtime:2.9.1] AndroidManifest.xml:30:13-67
103            android:authorities="com.example.alarmavisual.androidx-startup"
103-->[androidx.work:work-runtime:2.9.1] AndroidManifest.xml:31:13-68
104            android:exported="false" >
104-->[androidx.work:work-runtime:2.9.1] AndroidManifest.xml:32:13-37
105            <meta-data
105-->[androidx.work:work-runtime:2.9.1] AndroidManifest.xml:34:13-36:52
106                android:name="androidx.work.WorkManagerInitializer"
106-->[androidx.work:work-runtime:2.9.1] AndroidManifest.xml:35:17-68
107                android:value="androidx.startup" />
107-->[androidx.work:work-runtime:2.9.1] AndroidManifest.xml:36:17-49
108            <meta-data
108-->[androidx.emoji2:emoji2:1.3.0] AndroidManifest.xml:29:13-31:52
109                android:name="androidx.emoji2.text.EmojiCompatInitializer"
109-->[androidx.emoji2:emoji2:1.3.0] AndroidManifest.xml:30:17-75
110                android:value="androidx.startup" />
110-->[androidx.emoji2:emoji2:1.3.0] AndroidManifest.xml:31:17-49
111            <meta-data
111-->[androidx.lifecycle:lifecycle-process:2.8.6] AndroidManifest.xml:29:13-31:52
112                android:name="androidx.lifecycle.ProcessLifecycleInitializer"
112-->[androidx.lifecycle:lifecycle-process:2.8.6] AndroidManifest.xml:30:17-78
113                android:value="androidx.startup" />
113-->[androidx.lifecycle:lifecycle-process:2.8.6] AndroidManifest.xml:31:17-49
114            <meta-data
114-->[androidx.profileinstaller:profileinstaller:1.3.1] AndroidManifest.xml:29:13-31:52
115                android:name="androidx.profileinstaller.ProfileInstallerInitializer"
115-->[androidx.profileinstaller:profileinstaller:1.3.1] AndroidManifest.xml:30:17-85
116                android:value="androidx.startup" />
116-->[androidx.profileinstaller:profileinstaller:1.3.1] AndroidManifest.xml:31:17-49
117        </provider>
118
119        <service
119-->[androidx.work:work-runtime:2.9.1] AndroidManifest.xml:39:9-45:35
120            android:name="androidx.work.impl.background.systemalarm.SystemAlarmService"
120-->[androidx.work:work-runtime:2.9.1] AndroidManifest.xml:40:13-88
121            android:directBootAware="false"
121-->[androidx.work:work-runtime:2.9.1] AndroidManifest.xml:41:13-44
122            android:enabled="@bool/enable_system_alarm_service_default"
122-->[androidx.work:work-runtime:2.9.1] AndroidManifest.xml:42:13-72
123            android:exported="false" />
123-->[androidx.work:work-runtime:2.9.1] AndroidManifest.xml:43:13-37
124        <service
124-->[androidx.work:work-runtime:2.9.1] AndroidManifest.xml:46:9-52:35
125            android:name="androidx.work.impl.background.systemjob.SystemJobService"
125-->[androidx.work:work-runtime:2.9.1] AndroidManifest.xml:47:13-84
126            android:directBootAware="false"
126-->[androidx.work:work-runtime:2.9.1] AndroidManifest.xml:48:13-44
127            android:enabled="@bool/enable_system_job_service_default"
127-->[androidx.work:work-runtime:2.9.1] AndroidManifest.xml:49:13-70
128            android:exported="true"
128-->[androidx.work:work-runtime:2.9.1] AndroidManifest.xml:50:13-36
129            android:permission="android.permission.BIND_JOB_SERVICE" />
129-->[androidx.work:work-runtime:2.9.1] AndroidManifest.xml:51:13-69
130        <service
130-->[androidx.work:work-runtime:2.9.1] AndroidManifest.xml:53:9-59:35
131            android:name="androidx.work.impl.foreground.SystemForegroundService"
131-->[androidx.work:work-runtime:2.9.1] AndroidManifest.xml:54:13-81
132            android:directBootAware="false"
132-->[androidx.work:work-runtime:2.9.1] AndroidManifest.xml:55:13-44
133            android:enabled="@bool/enable_system_foreground_service_default"
133-->[androidx.work:work-runtime:2.9.1] AndroidManifest.xml:56:13-77
134            android:exported="false" />
134-->[androidx.work:work-runtime:2.9.1] AndroidManifest.xml:57:13-37
135
136        <receiver
136-->[androidx.work:work-runtime:2.9.1] AndroidManifest.xml:61:9-66:35
137            android:name="androidx.work.impl.utils.ForceStopRunnable$BroadcastReceiver"
137-->[androidx.work:work-runtime:2.9.1] AndroidManifest.xml:62:13-88
138            android:directBootAware="false"
138-->[androidx.work:work-runtime:2.9.1] AndroidManifest.xml:63:13-44
139            android:enabled="true"
139-->[androidx.work:work-runtime:2.9.1] AndroidManifest.xml:64:13-35
140            android:exported="false" />
140-->[androidx.work:work-runtime:2.9.1] AndroidManifest.xml:65:13-37
141        <receiver
141-->[androidx.work:work-runtime:2.9.1] AndroidManifest.xml:67:9-77:20
142            android:name="androidx.work.impl.background.systemalarm.ConstraintProxy$BatteryChargingProxy"
142-->[androidx.work:work-runtime:2.9.1] AndroidManifest.xml:68:13-106
143            android:directBootAware="false"
143-->[androidx.work:work-runtime:2.9.1] AndroidManifest.xml:69:13-44
144            android:enabled="false"
144-->[androidx.work:work-runtime:2.9.1] AndroidManifest.xml:70:13-36
145            android:exported="false" >
145-->[androidx.work:work-runtime:2.9.1] AndroidManifest.xml:71:13-37
146            <intent-filter>
146-->[androidx.work:work-runtime:2.9.1] AndroidManifest.xml:73:13-76:29
147                <action android:name="android.intent.action.ACTION_POWER_CONNECTED" />
147-->[androidx.work:work-runtime:2.9.1] AndroidManifest.xml:74:17-87
147-->[androidx.work:work-runtime:2.9.1] AndroidManifest.xml:74:25-84
148                <action android:name="android.intent.action.ACTION_POWER_DISCONNECTED" />
148-->[androidx.work:work-runtime:2.9.1] AndroidManifest.xml:75:17-90
148-->[androidx.work:work-runtime:2.9.1] AndroidManifest.xml:75:25-87
149            </intent-filter>
150        </receiver>
151        <receiver
151-->[androidx.work:work-runtime:2.9.1] AndroidManifest.xml:78:9-88:20
152            android:name="androidx.work.impl.background.systemalarm.ConstraintProxy$BatteryNotLowProxy"
152-->[androidx.work:work-runtime:2.9.1] AndroidManifest.xml:79:13-104
153            android:directBootAware="false"
153-->[androidx.work:work-runtime:2.9.1] AndroidManifest.xml:80:13-44
154            android:enabled="false"
154-->[androidx.work:work-runtime:2.9.1] AndroidManifest.xml:81:13-36
155            android:exported="false" >
155-->[androidx.work:work-runtime:2.9.1] AndroidManifest.xml:82:13-37
156            <intent-filter>
156-->[androidx.work:work-runtime:2.9.1] AndroidManifest.xml:84:13-87:29
157                <action android:name="android.intent.action.BATTERY_OKAY" />
157-->[androidx.work:work-runtime:2.9.1] AndroidManifest.xml:85:17-77
157-->[androidx.work:work-runtime:2.9.1] AndroidManifest.xml:85:25-74
158                <action android:name="android.intent.action.BATTERY_LOW" />
158-->[androidx.work:work-runtime:2.9.1] AndroidManifest.xml:86:17-76
158-->[androidx.work:work-runtime:2.9.1] AndroidManifest.xml:86:25-73
159            </intent-filter>
160        </receiver>
161        <receiver
161-->[androidx.work:work-runtime:2.9.1] AndroidManifest.xml:89:9-99:20
162            android:name="androidx.work.impl.background.systemalarm.ConstraintProxy$StorageNotLowProxy"
162-->[androidx.work:work-runtime:2.9.1] AndroidManifest.xml:90:13-104
163            android:directBootAware="false"
163-->[androidx.work:work-runtime:2.9.1] AndroidManifest.xml:91:13-44
164            android:enabled="false"
164-->[androidx.work:work-runtime:2.9.1] AndroidManifest.xml:92:13-36
165            android:exported="false" >
165-->[androidx.work:work-runtime:2.9.1] AndroidManifest.xml:93:13-37
166            <intent-filter>
166-->[androidx.work:work-runtime:2.9.1] AndroidManifest.xml:95:13-98:29
167                <action android:name="android.intent.action.DEVICE_STORAGE_LOW" />
167-->[androidx.work:work-runtime:2.9.1] AndroidManifest.xml:96:17-83
167-->[androidx.work:work-runtime:2.9.1] AndroidManifest.xml:96:25-80
168                <action android:name="android.intent.action.DEVICE_STORAGE_OK" />
168-->[androidx.work:work-runtime:2.9.1] AndroidManifest.xml:97:17-82
168-->[androidx.work:work-runtime:2.9.1] AndroidManifest.xml:97:25-79
169            </intent-filter>
170        </receiver>
171        <receiver
171-->[androidx.work:work-runtime:2.9.1] AndroidManifest.xml:100:9-109:20
172            android:name="androidx.work.impl.background.systemalarm.ConstraintProxy$NetworkStateProxy"
172-->[androidx.work:work-runtime:2.9.1] AndroidManifest.xml:101:13-103
173            android:directBootAware="false"
173-->[androidx.work:work-runtime:2.9.1] AndroidManifest.xml:102:13-44
174            android:enabled="false"
174-->[androidx.work:work-runtime:2.9.1] AndroidManifest.xml:103:13-36
175            android:exported="false" >
175-->[androidx.work:work-runtime:2.9.1] AndroidManifest.xml:104:13-37
176            <intent-filter>
176-->[androidx.work:work-runtime:2.9.1] AndroidManifest.xml:106:13-108:29
177                <action android:name="android.net.conn.CONNECTIVITY_CHANGE" />
177-->[androidx.work:work-runtime:2.9.1] AndroidManifest.xml:107:17-79
177-->[androidx.work:work-runtime:2.9.1] AndroidManifest.xml:107:25-76
178            </intent-filter>
179        </receiver>
180        <receiver
180-->[androidx.work:work-runtime:2.9.1] AndroidManifest.xml:110:9-121:20
181            android:name="androidx.work.impl.background.systemalarm.RescheduleReceiver"
181-->[androidx.work:work-runtime:2.9.1] AndroidManifest.xml:111:13-88
182            android:directBootAware="false"
182-->[androidx.work:work-runtime:2.9.1] AndroidManifest.xml:112:13-44
183            android:enabled="false"
183-->[androidx.work:work-runtime:2.9.1] AndroidManifest.xml:113:13-36
184            android:exported="false" >
184-->[androidx.work:work-runtime:2.9.1] AndroidManifest.xml:114:13-37
185            <intent-filter>
185-->[androidx.work:work-runtime:2.9.1] AndroidManifest.xml:116:13-120:29
186                <action android:name="android.intent.action.BOOT_COMPLETED" />
186-->[androidx.work:work-runtime:2.9.1] AndroidManifest.xml:117:17-79
186-->[androidx.work:work-runtime:2.9.1] AndroidManifest.xml:117:25-76
187                <action android:name="android.intent.action.TIME_SET" />
187-->[androidx.work:work-runtime:2.9.1] AndroidManifest.xml:118:17-73
187-->[androidx.work:work-runtime:2.9.1] AndroidManifest.xml:118:25-70
188                <action android:name="android.intent.action.TIMEZONE_CHANGED" />
188-->[androidx.work:work-runtime:2.9.1] AndroidManifest.xml:119:17-81
188-->[androidx.work:work-runtime:2.9.1] AndroidManifest.xml:119:25-78
189            </intent-filter>
190        </receiver>
191        <receiver
191-->[androidx.work:work-runtime:2.9.1] AndroidManifest.xml:122:9-131:20
192            android:name="androidx.work.impl.background.systemalarm.ConstraintProxyUpdateReceiver"
192-->[androidx.work:work-runtime:2.9.1] AndroidManifest.xml:123:13-99
193            android:directBootAware="false"
193-->[androidx.work:work-runtime:2.9.1] AndroidManifest.xml:124:13-44
194            android:enabled="@bool/enable_system_alarm_service_default"
194-->[androidx.work:work-runtime:2.9.1] AndroidManifest.xml:125:13-72
195            android:exported="false" >
195-->[androidx.work:work-runtime:2.9.1] AndroidManifest.xml:126:13-37
196            <intent-filter>
196-->[androidx.work:work-runtime:2.9.1] AndroidManifest.xml:128:13-130:29
197                <action android:name="androidx.work.impl.background.systemalarm.UpdateProxies" />
197-->[androidx.work:work-runtime:2.9.1] AndroidManifest.xml:129:17-98
197-->[androidx.work:work-runtime:2.9.1] AndroidManifest.xml:129:25-95
198            </intent-filter>
199        </receiver>
200        <receiver
200-->[androidx.work:work-runtime:2.9.1] AndroidManifest.xml:132:9-142:20
201            android:name="androidx.work.impl.diagnostics.DiagnosticsReceiver"
201-->[androidx.work:work-runtime:2.9.1] AndroidManifest.xml:133:13-78
202            android:directBootAware="false"
202-->[androidx.work:work-runtime:2.9.1] AndroidManifest.xml:134:13-44
203            android:enabled="true"
203-->[androidx.work:work-runtime:2.9.1] AndroidManifest.xml:135:13-35
204            android:exported="true"
204-->[androidx.work:work-runtime:2.9.1] AndroidManifest.xml:136:13-36
205            android:permission="android.permission.DUMP" >
205-->[androidx.work:work-runtime:2.9.1] AndroidManifest.xml:137:13-57
206            <intent-filter>
206-->[androidx.work:work-runtime:2.9.1] AndroidManifest.xml:139:13-141:29
207                <action android:name="androidx.work.diagnostics.REQUEST_DIAGNOSTICS" />
207-->[androidx.work:work-runtime:2.9.1] AndroidManifest.xml:140:17-88
207-->[androidx.work:work-runtime:2.9.1] AndroidManifest.xml:140:25-85
208            </intent-filter>
209        </receiver> <!-- Needs to be explicitly declared on P+ -->
210        <uses-library
210-->[com.google.android.gms:play-services-maps:19.0.0] AndroidManifest.xml:39:9-41:40
211            android:name="org.apache.http.legacy"
211-->[com.google.android.gms:play-services-maps:19.0.0] AndroidManifest.xml:40:13-50
212            android:required="false" />
212-->[com.google.android.gms:play-services-maps:19.0.0] AndroidManifest.xml:41:13-37
213
214        <service
214-->[com.google.firebase:firebase-firestore-ktx:25.1.0] AndroidManifest.xml:9:9-15:19
215            android:name="com.google.firebase.components.ComponentDiscoveryService"
215-->[com.google.firebase:firebase-firestore-ktx:25.1.0] AndroidManifest.xml:10:13-84
216            android:directBootAware="true"
216-->[com.google.firebase:firebase-common:21.0.0] AndroidManifest.xml:32:13-43
217            android:exported="false" >
217-->[com.google.firebase:firebase-firestore-ktx:25.1.0] AndroidManifest.xml:11:13-37
218            <meta-data
218-->[com.google.firebase:firebase-firestore-ktx:25.1.0] AndroidManifest.xml:12:13-14:85
219                android:name="com.google.firebase.components:com.google.firebase.firestore.ktx.FirebaseFirestoreLegacyRegistrar"
219-->[com.google.firebase:firebase-firestore-ktx:25.1.0] AndroidManifest.xml:13:17-129
220                android:value="com.google.firebase.components.ComponentRegistrar" />
220-->[com.google.firebase:firebase-firestore-ktx:25.1.0] AndroidManifest.xml:14:17-82
221            <meta-data
221-->[com.google.firebase:firebase-firestore:25.1.0] AndroidManifest.xml:17:13-19:85
222                android:name="com.google.firebase.components:com.google.firebase.firestore.FirebaseFirestoreKtxRegistrar"
222-->[com.google.firebase:firebase-firestore:25.1.0] AndroidManifest.xml:18:17-122
223                android:value="com.google.firebase.components.ComponentRegistrar" />
223-->[com.google.firebase:firebase-firestore:25.1.0] AndroidManifest.xml:19:17-82
224            <meta-data
224-->[com.google.firebase:firebase-firestore:25.1.0] AndroidManifest.xml:20:13-22:85
225                android:name="com.google.firebase.components:com.google.firebase.firestore.FirestoreRegistrar"
225-->[com.google.firebase:firebase-firestore:25.1.0] AndroidManifest.xml:21:17-111
226                android:value="com.google.firebase.components.ComponentRegistrar" />
226-->[com.google.firebase:firebase-firestore:25.1.0] AndroidManifest.xml:22:17-82
227            <meta-data
227-->[com.google.firebase:firebase-auth-ktx:23.0.0] AndroidManifest.xml:11:13-13:85
228                android:name="com.google.firebase.components:com.google.firebase.auth.ktx.FirebaseAuthLegacyRegistrar"
228-->[com.google.firebase:firebase-auth-ktx:23.0.0] AndroidManifest.xml:12:17-119
229                android:value="com.google.firebase.components.ComponentRegistrar" />
229-->[com.google.firebase:firebase-auth-ktx:23.0.0] AndroidManifest.xml:13:17-82
230            <meta-data
230-->[com.google.firebase:firebase-auth:23.0.0] AndroidManifest.xml:69:13-71:85
231                android:name="com.google.firebase.components:com.google.firebase.auth.FirebaseAuthRegistrar"
231-->[com.google.firebase:firebase-auth:23.0.0] AndroidManifest.xml:70:17-109
232                android:value="com.google.firebase.components.ComponentRegistrar" />
232-->[com.google.firebase:firebase-auth:23.0.0] AndroidManifest.xml:71:17-82
233            <meta-data
233-->[com.google.android.gms:play-services-measurement-api:22.1.0] AndroidManifest.xml:37:13-39:85
234                android:name="com.google.firebase.components:com.google.firebase.analytics.connector.internal.AnalyticsConnectorRegistrar"
234-->[com.google.android.gms:play-services-measurement-api:22.1.0] AndroidManifest.xml:38:17-139
235                android:value="com.google.firebase.components.ComponentRegistrar" />
235-->[com.google.android.gms:play-services-measurement-api:22.1.0] AndroidManifest.xml:39:17-82
236            <meta-data
236-->[com.google.firebase:firebase-installations:18.0.0] AndroidManifest.xml:15:13-17:85
237                android:name="com.google.firebase.components:com.google.firebase.installations.FirebaseInstallationsKtxRegistrar"
237-->[com.google.firebase:firebase-installations:18.0.0] AndroidManifest.xml:16:17-130
238                android:value="com.google.firebase.components.ComponentRegistrar" />
238-->[com.google.firebase:firebase-installations:18.0.0] AndroidManifest.xml:17:17-82
239            <meta-data
239-->[com.google.firebase:firebase-installations:18.0.0] AndroidManifest.xml:18:13-20:85
240                android:name="com.google.firebase.components:com.google.firebase.installations.FirebaseInstallationsRegistrar"
240-->[com.google.firebase:firebase-installations:18.0.0] AndroidManifest.xml:19:17-127
241                android:value="com.google.firebase.components.ComponentRegistrar" />
241-->[com.google.firebase:firebase-installations:18.0.0] AndroidManifest.xml:20:17-82
242            <meta-data
242-->[com.google.firebase:firebase-common-ktx:21.0.0] AndroidManifest.xml:12:13-14:85
243                android:name="com.google.firebase.components:com.google.firebase.ktx.FirebaseCommonLegacyRegistrar"
243-->[com.google.firebase:firebase-common-ktx:21.0.0] AndroidManifest.xml:13:17-116
244                android:value="com.google.firebase.components.ComponentRegistrar" />
244-->[com.google.firebase:firebase-common-ktx:21.0.0] AndroidManifest.xml:14:17-82
245            <meta-data
245-->[com.google.firebase:firebase-common:21.0.0] AndroidManifest.xml:35:13-37:85
246                android:name="com.google.firebase.components:com.google.firebase.FirebaseCommonKtxRegistrar"
246-->[com.google.firebase:firebase-common:21.0.0] AndroidManifest.xml:36:17-109
247                android:value="com.google.firebase.components.ComponentRegistrar" />
247-->[com.google.firebase:firebase-common:21.0.0] AndroidManifest.xml:37:17-82
248        </service>
249
250        <activity
250-->[com.google.firebase:firebase-auth:23.0.0] AndroidManifest.xml:29:9-46:20
251            android:name="com.google.firebase.auth.internal.GenericIdpActivity"
251-->[com.google.firebase:firebase-auth:23.0.0] AndroidManifest.xml:30:13-80
252            android:excludeFromRecents="true"
252-->[com.google.firebase:firebase-auth:23.0.0] AndroidManifest.xml:31:13-46
253            android:exported="true"
253-->[com.google.firebase:firebase-auth:23.0.0] AndroidManifest.xml:32:13-36
254            android:launchMode="singleTask"
254-->[com.google.firebase:firebase-auth:23.0.0] AndroidManifest.xml:33:13-44
255            android:theme="@android:style/Theme.Translucent.NoTitleBar" >
255-->[com.google.firebase:firebase-auth:23.0.0] AndroidManifest.xml:34:13-72
256            <intent-filter>
256-->[com.google.firebase:firebase-auth:23.0.0] AndroidManifest.xml:35:13-45:29
257                <action android:name="android.intent.action.VIEW" />
257-->[com.google.firebase:firebase-auth:23.0.0] AndroidManifest.xml:36:17-69
257-->[com.google.firebase:firebase-auth:23.0.0] AndroidManifest.xml:36:25-66
258
259                <category android:name="android.intent.category.DEFAULT" />
259-->[com.google.firebase:firebase-auth:23.0.0] AndroidManifest.xml:38:17-76
259-->[com.google.firebase:firebase-auth:23.0.0] AndroidManifest.xml:38:27-73
260                <category android:name="android.intent.category.BROWSABLE" />
260-->[com.google.firebase:firebase-auth:23.0.0] AndroidManifest.xml:39:17-78
260-->[com.google.firebase:firebase-auth:23.0.0] AndroidManifest.xml:39:27-75
261
262                <data
262-->[com.google.firebase:firebase-auth:23.0.0] AndroidManifest.xml:41:17-44:51
263                    android:host="firebase.auth"